<?xml version="1.0" encoding="UTF-8"?>
<testsuites name="jest tests" tests="2" failures="0" errors="0" time="2.154">
  <testsuite name="undefined" errors="0" failures="0" skipped="0" timestamp="2023-05-04T09:26:25" time="1.066" tests="2">
    <testcase classname=" renders learn react link" name=" renders learn react link" time="0.03">
    </testcase>
    <testcase classname=" render Hello World Header" name=" render Hello World Header" time="0.006">
    </testcase>
  </testsuite>
</testsuites>